mode: set
linkedlist/linkedlist.go:29.47,31.2 1 1
linkedlist/linkedlist.go:34.34,40.2 1 1
linkedlist/linkedlist.go:43.42,47.20 3 1
linkedlist/linkedlist.go:51.2,51.12 1 1
linkedlist/linkedlist.go:47.20,49.3 1 1
linkedlist/linkedlist.go:55.42,59.20 3 1
linkedlist/linkedlist.go:63.2,63.12 1 1
linkedlist/linkedlist.go:59.20,61.3 1 1
linkedlist/linkedlist.go:67.35,72.2 3 1
linkedlist/linkedlist.go:76.51,80.22 3 1
linkedlist/linkedlist.go:84.2,84.16 1 1
linkedlist/linkedlist.go:88.2,88.28 1 1
linkedlist/linkedlist.go:92.2,93.18 2 1
linkedlist/linkedlist.go:80.22,82.3 1 1
linkedlist/linkedlist.go:84.16,86.3 1 1
linkedlist/linkedlist.go:88.28,90.3 1 1
linkedlist/linkedlist.go:97.46,106.20 3 1
linkedlist/linkedlist.go:110.2,110.20 1 1
linkedlist/linkedlist.go:114.2,117.13 3 1
linkedlist/linkedlist.go:106.20,108.3 1 1
linkedlist/linkedlist.go:110.20,112.3 1 1
linkedlist/linkedlist.go:121.50,130.20 3 1
linkedlist/linkedlist.go:134.2,134.20 1 1
linkedlist/linkedlist.go:138.2,141.13 3 1
linkedlist/linkedlist.go:130.20,132.3 1 1
linkedlist/linkedlist.go:134.20,136.3 1 1
linkedlist/linkedlist.go:145.57,149.22 3 1
linkedlist/linkedlist.go:153.2,154.18 2 1
linkedlist/linkedlist.go:149.22,150.46 1 1
linkedlist/linkedlist.go:158.41,162.18 3 1
linkedlist/linkedlist.go:166.2,169.18 3 1
linkedlist/linkedlist.go:162.18,164.3 1 1
linkedlist/linkedlist.go:173.45,177.18 3 1
linkedlist/linkedlist.go:181.2,184.18 3 1
linkedlist/linkedlist.go:177.18,179.3 1 1
linkedlist/linkedlist.go:188.54,192.22 3 1
linkedlist/linkedlist.go:196.2,200.18 3 1
linkedlist/linkedlist.go:192.22,193.40 1 1
linkedlist/linkedlist.go:203.46,206.22 2 1
linkedlist/linkedlist.go:212.2,212.22 1 1
linkedlist/linkedlist.go:218.2,218.11 1 1
linkedlist/linkedlist.go:206.22,208.3 1 1
linkedlist/linkedlist.go:208.8,210.3 1 1
linkedlist/linkedlist.go:212.22,214.3 1 1
linkedlist/linkedlist.go:214.8,216.3 1 1
linkedlist/linkedlist.go:222.79,228.25 4 1
linkedlist/linkedlist.go:234.2,234.16 1 1
linkedlist/linkedlist.go:228.25,232.3 3 1
linkedlist/linkedlist.go:239.82,245.25 4 1
linkedlist/linkedlist.go:254.2,254.16 1 1
linkedlist/linkedlist.go:245.25,246.56 1 1
linkedlist/linkedlist.go:250.3,251.17 2 1
linkedlist/linkedlist.go:246.56,248.4 1 1
linkedlist/linkedlist.go:258.31,259.17 1 1
linkedlist/linkedlist.go:259.17,263.3 3 1
linkedlist/linkedlist.go:267.60,273.13 4 1
linkedlist/linkedlist.go:281.2,281.25 1 1
linkedlist/linkedlist.go:295.2,295.20 1 1
linkedlist/linkedlist.go:273.13,276.3 2 1
linkedlist/linkedlist.go:276.8,279.3 2 1
linkedlist/linkedlist.go:281.25,282.28 1 1
linkedlist/linkedlist.go:286.3,286.14 1 1
linkedlist/linkedlist.go:282.28,283.9 1 1
linkedlist/linkedlist.go:286.14,289.4 2 1
linkedlist/linkedlist.go:289.9,292.4 2 1
